2023-06-20 00:09:40.019 INFO  16296 --- [main] c.b.videoproject_backend.test.FollowServiceTest - Starting FollowServiceTest using Java 17.0.4.1 on LAPTOP-6ALQDQHI with PID 16296 (started by gkcy in D:\IdeaProjects\VideoProject_BackEnd\VideoProject_BackEnd)
2023-06-20 00:09:40.028 INFO  16296 --- [main] c.b.videoproject_backend.test.FollowServiceTest - The following 1 profile is active: "dev"
2023-06-20 00:09:41.529 INFO  16296 --- [main] o.s.d.r.config.RepositoryConfigurationDelegate - Multiple Spring Data modules found, entering strict repository configuration mode
2023-06-20 00:09:41.530 INFO  16296 --- [main] o.s.d.r.config.RepositoryConfigurationDelegate - Bootstrapping Spring Data JPA repositories in DEFAULT mode.
2023-06-20 00:09:41.851 INFO  16296 --- [main] o.s.d.r.config.RepositoryConfigurationDelegate - Finished Spring Data repository scanning in 304 ms. Found 11 JPA repository interfaces.
2023-06-20 00:09:42.291 INFO  16296 --- [main] o.s.d.r.config.RepositoryConfigurationDelegate - Multiple Spring Data modules found, entering strict repository configuration mode
2023-06-20 00:09:42.294 INFO  16296 --- [main] o.s.d.r.config.RepositoryConfigurationDelegate - Bootstrapping Spring Data Redis repositories in DEFAULT mode.
2023-06-20 00:09:42.337 INFO  16296 --- [main] o.s.d.r.c.RepositoryConfigurationExtensionSupport - Spring Data Redis - Could not safely identify store assignment for repository candidate interface com.backend.videoproject_backend.dao.ArticleDao; If you want this repository to be a Redis repository, consider annotating your entities with one of these annotations: org.springframework.data.redis.core.RedisHash (preferred), or consider extending one of the following types with your repository: org.springframework.data.keyvalue.repository.KeyValueRepository
2023-06-20 00:09:42.338 INFO  16296 --- [main] o.s.d.r.c.RepositoryConfigurationExtensionSupport - Spring Data Redis - Could not safely identify store assignment for repository candidate interface com.backend.videoproject_backend.dao.AssociationDao; If you want this repository to be a Redis repository, consider annotating your entities with one of these annotations: org.springframework.data.redis.core.RedisHash (preferred), or consider extending one of the following types with your repository: org.springframework.data.keyvalue.repository.KeyValueRepository
2023-06-20 00:09:42.339 INFO  16296 --- [main] o.s.d.r.c.RepositoryConfigurationExtensionSupport - Spring Data Redis - Could not safely identify store assignment for repository candidate interface com.backend.videoproject_backend.dao.FeedbackDao; If you want this repository to be a Redis repository, consider annotating your entities with one of these annotations: org.springframework.data.redis.core.RedisHash (preferred), or consider extending one of the following types with your repository: org.springframework.data.keyvalue.repository.KeyValueRepository
2023-06-20 00:09:42.340 INFO  16296 --- [main] o.s.d.r.c.RepositoryConfigurationExtensionSupport - Spring Data Redis - Could not safely identify store assignment for repository candidate interface com.backend.videoproject_backend.dao.FollowDao; If you want this repository to be a Redis repository, consider annotating your entities with one of these annotations: org.springframework.data.redis.core.RedisHash (preferred), or consider extending one of the following types with your repository: org.springframework.data.keyvalue.repository.KeyValueRepository
2023-06-20 00:09:42.342 INFO  16296 --- [main] o.s.d.r.c.RepositoryConfigurationExtensionSupport - Spring Data Redis - Could not safely identify store assignment for repository candidate interface com.backend.videoproject_backend.dao.LikeDao; If you want this repository to be a Redis repository, consider annotating your entities with one of these annotations: org.springframework.data.redis.core.RedisHash (preferred), or consider extending one of the following types with your repository: org.springframework.data.keyvalue.repository.KeyValueRepository
2023-06-20 00:09:42.343 INFO  16296 --- [main] o.s.d.r.c.RepositoryConfigurationExtensionSupport - Spring Data Redis - Could not safely identify store assignment for repository candidate interface com.backend.videoproject_backend.dao.ManagerDao; If you want this repository to be a Redis repository, consider annotating your entities with one of these annotations: org.springframework.data.redis.core.RedisHash (preferred), or consider extending one of the following types with your repository: org.springframework.data.keyvalue.repository.KeyValueRepository
2023-06-20 00:09:42.344 INFO  16296 --- [main] o.s.d.r.c.RepositoryConfigurationExtensionSupport - Spring Data Redis - Could not safely identify store assignment for repository candidate interface com.backend.videoproject_backend.dao.PhysicalDao; If you want this repository to be a Redis repository, consider annotating your entities with one of these annotations: org.springframework.data.redis.core.RedisHash (preferred), or consider extending one of the following types with your repository: org.springframework.data.keyvalue.repository.KeyValueRepository
2023-06-20 00:09:42.345 INFO  16296 --- [main] o.s.d.r.c.RepositoryConfigurationExtensionSupport - Spring Data Redis - Could not safely identify store assignment for repository candidate interface com.backend.videoproject_backend.dao.RecordDao; If you want this repository to be a Redis repository, consider annotating your entities with one of these annotations: org.springframework.data.redis.core.RedisHash (preferred), or consider extending one of the following types with your repository: org.springframework.data.keyvalue.repository.KeyValueRepository
2023-06-20 00:09:42.346 INFO  16296 --- [main] o.s.d.r.c.RepositoryConfigurationExtensionSupport - Spring Data Redis - Could not safely identify store assignment for repository candidate interface com.backend.videoproject_backend.dao.TestDao; If you want this repository to be a Redis repository, consider annotating your entities with one of these annotations: org.springframework.data.redis.core.RedisHash (preferred), or consider extending one of the following types with your repository: org.springframework.data.keyvalue.repository.KeyValueRepository
2023-06-20 00:09:42.347 INFO  16296 --- [main] o.s.d.r.c.RepositoryConfigurationExtensionSupport - Spring Data Redis - Could not safely identify store assignment for repository candidate interface com.backend.videoproject_backend.dao.UserDao; If you want this repository to be a Redis repository, consider annotating your entities with one of these annotations: org.springframework.data.redis.core.RedisHash (preferred), or consider extending one of the following types with your repository: org.springframework.data.keyvalue.repository.KeyValueRepository
2023-06-20 00:09:42.348 INFO  16296 --- [main] o.s.d.r.c.RepositoryConfigurationExtensionSupport - Spring Data Redis - Could not safely identify store assignment for repository candidate interface com.backend.videoproject_backend.dao.UserRecordDao; If you want this repository to be a Redis repository, consider annotating your entities with one of these annotations: org.springframework.data.redis.core.RedisHash (preferred), or consider extending one of the following types with your repository: org.springframework.data.keyvalue.repository.KeyValueRepository
2023-06-20 00:09:42.349 INFO  16296 --- [main] o.s.d.r.config.RepositoryConfigurationDelegate - Finished Spring Data repository scanning in 36 ms. Found 0 Redis repository interfaces.
2023-06-20 00:09:42.671 INFO  16296 --- [main] o.s.i.c.DefaultConfiguringBeanFactoryPostProcessor - No bean named 'errorChannel' has been explicitly defined. Therefore, a default PublishSubscribeChannel will be created.
2023-06-20 00:09:42.707 INFO  16296 --- [main] o.s.i.c.DefaultConfiguringBeanFactoryPostProcessor - No bean named 'integrationHeaderChannelRegistry' has been explicitly defined. Therefore, a default DefaultHeaderChannelRegistry will be created.
2023-06-20 00:09:43.363 INFO  16296 --- [main] o.s.c.s.PostProcessorRegistrationDelegate$BeanPostProcessorChecker - Bean 'org.springframework.integration.config.IntegrationManagementConfiguration' of type [org.springframework.integration.config.IntegrationManagementConfiguration] is not eligible for getting processed by all BeanPostProcessors (for example: not eligible for auto-proxying)
2023-06-20 00:09:43.408 INFO  16296 --- [main] o.s.c.s.PostProcessorRegistrationDelegate$BeanPostProcessorChecker - Bean 'integrationChannelResolver' of type [org.springframework.integration.support.channel.BeanFactoryChannelResolver] is not eligible for getting processed by all BeanPostProcessors (for example: not eligible for auto-proxying)
2023-06-20 00:09:44.074 INFO  16296 --- [main] org.hibernate.jpa.internal.util.LogHelper - HHH000204: Processing PersistenceUnitInfo [name: default]
2023-06-20 00:09:44.189 INFO  16296 --- [main] org.hibernate.Version - HHH000412: Hibernate ORM core version 5.6.10.Final
2023-06-20 00:09:44.550 INFO  16296 --- [main] org.hibernate.annotations.common.Version - HCANN000001: Hibernate Commons Annotations {5.1.2.Final}
2023-06-20 00:09:44.946 INFO  16296 --- [main] com.zaxxer.hikari.HikariDataSource - HikariPool-1 - Starting...
2023-06-20 00:09:51.059 INFO  16296 --- [main] com.zaxxer.hikari.HikariDataSource - HikariPool-1 - Start completed.
2023-06-20 00:09:51.079 INFO  16296 --- [main] org.hibernate.dialect.Dialect - HHH000400: Using dialect: org.hibernate.dialect.MySQL5Dialect
2023-06-20 00:09:53.694 INFO  16296 --- [main] o.h.e.t.jta.platform.internal.JtaPlatformInitiator - HHH000490: Using JtaPlatform implementation: [org.hibernate.engine.transaction.jta.platform.internal.NoJtaPlatform]
2023-06-20 00:09:53.704 INFO  16296 --- [main] o.s.orm.jpa.LocalContainerEntityManagerFactoryBean - Initialized JPA EntityManagerFactory for persistence unit 'default'
2023-06-20 00:09:56.768 WARN  16296 --- [main] o.s.b.a.o.j.JpaBaseConfiguration$JpaWebConfiguration - spring.jpa.open-in-view is enabled by default. Therefore, database queries may be performed during view rendering. Explicitly configure spring.jpa.open-in-view to disable this warning
2023-06-20 00:09:57.439 INFO  16296 --- [main] s.d.s.w.PropertySourcedRequestMappingHandlerMapping - Mapped URL path [/v2/api-docs] onto method [springfox.documentation.swagger2.web.Swagger2Controller#getDocumentation(String, HttpServletRequest)]
2023-06-20 00:09:58.956 WARN  16296 --- [main] o.s.b.a.t.ThymeleafAutoConfiguration$DefaultTemplateResolverConfiguration - Cannot find template location: classpath:/templates/ (please add some templates or check your Thymeleaf configuration)
2023-06-20 00:10:00.913 INFO  16296 --- [main] o.s.integration.endpoint.EventDrivenConsumer - Adding {logging-channel-adapter:_org.springframework.integration.errorLogger} as a subscriber to the 'errorChannel' channel
2023-06-20 00:10:00.914 INFO  16296 --- [main] o.s.integration.channel.PublishSubscribeChannel - Channel 'application.errorChannel' has 1 subscriber(s).
2023-06-20 00:10:00.915 INFO  16296 --- [main] o.s.integration.endpoint.EventDrivenConsumer - started bean '_org.springframework.integration.errorLogger'
2023-06-20 00:10:00.915 INFO  16296 --- [main] s.d.s.web.plugins.DocumentationPluginsBootstrapper - Context refreshed
2023-06-20 00:10:00.953 INFO  16296 --- [main] s.d.s.web.plugins.DocumentationPluginsBootstrapper - Found 1 custom documentation plugin(s)
2023-06-20 00:10:01.017 INFO  16296 --- [main] s.d.spring.web.scanners.ApiListingReferenceScanner - Scanning for api listing references
2023-06-20 00:10:01.468 INFO  16296 --- [main] s.d.s.w.r.operation.CachingOperationNameGenerator - Generating unique operation named: SearchClubUsingGET_1
2023-06-20 00:10:01.496 INFO  16296 --- [main] s.d.s.w.r.operation.CachingOperationNameGenerator - Generating unique operation named: doLoginUsingPOST_1
2023-06-20 00:10:01.504 INFO  16296 --- [main] s.d.s.w.r.operation.CachingOperationNameGenerator - Generating unique operation named: isLoginUsingGET_1
2023-06-20 00:10:01.559 INFO  16296 --- [main] s.d.s.w.r.operation.CachingOperationNameGenerator - Generating unique operation named: SearchClubUsingGET_2
2023-06-20 00:10:01.619 INFO  16296 --- [main] c.b.videoproject_backend.test.FollowServiceTest - Started FollowServiceTest in 22.289 seconds (JVM running for 23.809)
2023-06-20 00:10:01.990 INFO  16296 --- [main] c.b.videoproject_backend.utils.netty.SocketServer - Netty started on port: 8088 (TCP) with boss thread 1
2023-06-20 00:10:06.503 INFO  16296 --- [SpringApplicationShutdownHook] o.s.integration.endpoint.EventDrivenConsumer - Removing {logging-channel-adapter:_org.springframework.integration.errorLogger} as a subscriber to the 'errorChannel' channel
2023-06-20 00:10:06.504 INFO  16296 --- [SpringApplicationShutdownHook] o.s.integration.channel.PublishSubscribeChannel - Channel 'application.errorChannel' has 0 subscriber(s).
2023-06-20 00:10:06.504 INFO  16296 --- [SpringApplicationShutdownHook] o.s.integration.endpoint.EventDrivenConsumer - stopped bean '_org.springframework.integration.errorLogger'
2023-06-20 00:10:06.535 INFO  16296 --- [SpringApplicationShutdownHook] o.s.orm.jpa.LocalContainerEntityManagerFactoryBean - Closing JPA EntityManagerFactory for persistence unit 'default'
2023-06-20 00:10:06.537 INFO  16296 --- [SpringApplicationShutdownHook] com.zaxxer.hikari.HikariDataSource - HikariPool-1 - Shutdown initiated...
2023-06-20 00:10:06.549 INFO  16296 --- [SpringApplicationShutdownHook] com.zaxxer.hikari.HikariDataSource - HikariPool-1 - Shutdown completed.
2023-06-20 00:19:13.643 INFO  20760 --- [main] c.b.videoproject_backend.test.ManagerServiceTest - Starting ManagerServiceTest using Java 17.0.4.1 on LAPTOP-6ALQDQHI with PID 20760 (started by gkcy in D:\IdeaProjects\VideoProject_BackEnd\VideoProject_BackEnd)
2023-06-20 00:19:13.645 INFO  20760 --- [main] c.b.videoproject_backend.test.ManagerServiceTest - The following 1 profile is active: "dev"
2023-06-20 00:19:15.031 INFO  20760 --- [main] o.s.d.r.config.RepositoryConfigurationDelegate - Multiple Spring Data modules found, entering strict repository configuration mode
2023-06-20 00:19:15.032 INFO  20760 --- [main] o.s.d.r.config.RepositoryConfigurationDelegate - Bootstrapping Spring Data JPA repositories in DEFAULT mode.
2023-06-20 00:19:15.331 INFO  20760 --- [main] o.s.d.r.config.RepositoryConfigurationDelegate - Finished Spring Data repository scanning in 286 ms. Found 11 JPA repository interfaces.
2023-06-20 00:19:15.821 INFO  20760 --- [main] o.s.d.r.config.RepositoryConfigurationDelegate - Multiple Spring Data modules found, entering strict repository configuration mode
2023-06-20 00:19:15.824 INFO  20760 --- [main] o.s.d.r.config.RepositoryConfigurationDelegate - Bootstrapping Spring Data Redis repositories in DEFAULT mode.
2023-06-20 00:19:15.861 INFO  20760 --- [main] o.s.d.r.c.RepositoryConfigurationExtensionSupport - Spring Data Redis - Could not safely identify store assignment for repository candidate interface com.backend.videoproject_backend.dao.ArticleDao; If you want this repository to be a Redis repository, consider annotating your entities with one of these annotations: org.springframework.data.redis.core.RedisHash (preferred), or consider extending one of the following types with your repository: org.springframework.data.keyvalue.repository.KeyValueRepository
2023-06-20 00:19:15.863 INFO  20760 --- [main] o.s.d.r.c.RepositoryConfigurationExtensionSupport - Spring Data Redis - Could not safely identify store assignment for repository candidate interface com.backend.videoproject_backend.dao.AssociationDao; If you want this repository to be a Redis repository, consider annotating your entities with one of these annotations: org.springframework.data.redis.core.RedisHash (preferred), or consider extending one of the following types with your repository: org.springframework.data.keyvalue.repository.KeyValueRepository
2023-06-20 00:19:15.864 INFO  20760 --- [main] o.s.d.r.c.RepositoryConfigurationExtensionSupport - Spring Data Redis - Could not safely identify store assignment for repository candidate interface com.backend.videoproject_backend.dao.FeedbackDao; If you want this repository to be a Redis repository, consider annotating your entities with one of these annotations: org.springframework.data.redis.core.RedisHash (preferred), or consider extending one of the following types with your repository: org.springframework.data.keyvalue.repository.KeyValueRepository
2023-06-20 00:19:15.865 INFO  20760 --- [main] o.s.d.r.c.RepositoryConfigurationExtensionSupport - Spring Data Redis - Could not safely identify store assignment for repository candidate interface com.backend.videoproject_backend.dao.FollowDao; If you want this repository to be a Redis repository, consider annotating your entities with one of these annotations: org.springframework.data.redis.core.RedisHash (preferred), or consider extending one of the following types with your repository: org.springframework.data.keyvalue.repository.KeyValueRepository
2023-06-20 00:19:15.867 INFO  20760 --- [main] o.s.d.r.c.RepositoryConfigurationExtensionSupport - Spring Data Redis - Could not safely identify store assignment for repository candidate interface com.backend.videoproject_backend.dao.LikeDao; If you want this repository to be a Redis repository, consider annotating your entities with one of these annotations: org.springframework.data.redis.core.RedisHash (preferred), or consider extending one of the following types with your repository: org.springframework.data.keyvalue.repository.KeyValueRepository
2023-06-20 00:19:15.869 INFO  20760 --- [main] o.s.d.r.c.RepositoryConfigurationExtensionSupport - Spring Data Redis - Could not safely identify store assignment for repository candidate interface com.backend.videoproject_backend.dao.ManagerDao; If you want this repository to be a Redis repository, consider annotating your entities with one of these annotations: org.springframework.data.redis.core.RedisHash (preferred), or consider extending one of the following types with your repository: org.springframework.data.keyvalue.repository.KeyValueRepository
2023-06-20 00:19:15.870 INFO  20760 --- [main] o.s.d.r.c.RepositoryConfigurationExtensionSupport - Spring Data Redis - Could not safely identify store assignment for repository candidate interface com.backend.videoproject_backend.dao.PhysicalDao; If you want this repository to be a Redis repository, consider annotating your entities with one of these annotations: org.springframework.data.redis.core.RedisHash (preferred), or consider extending one of the following types with your repository: org.springframework.data.keyvalue.repository.KeyValueRepository
2023-06-20 00:19:15.871 INFO  20760 --- [main] o.s.d.r.c.RepositoryConfigurationExtensionSupport - Spring Data Redis - Could not safely identify store assignment for repository candidate interface com.backend.videoproject_backend.dao.RecordDao; If you want this repository to be a Redis repository, consider annotating your entities with one of these annotations: org.springframework.data.redis.core.RedisHash (preferred), or consider extending one of the following types with your repository: org.springframework.data.keyvalue.repository.KeyValueRepository
2023-06-20 00:19:15.872 INFO  20760 --- [main] o.s.d.r.c.RepositoryConfigurationExtensionSupport - Spring Data Redis - Could not safely identify store assignment for repository candidate interface com.backend.videoproject_backend.dao.TestDao; If you want this repository to be a Redis repository, consider annotating your entities with one of these annotations: org.springframework.data.redis.core.RedisHash (preferred), or consider extending one of the following types with your repository: org.springframework.data.keyvalue.repository.KeyValueRepository
2023-06-20 00:19:15.873 INFO  20760 --- [main] o.s.d.r.c.RepositoryConfigurationExtensionSupport - Spring Data Redis - Could not safely identify store assignment for repository candidate interface com.backend.videoproject_backend.dao.UserDao; If you want this repository to be a Redis repository, consider annotating your entities with one of these annotations: org.springframework.data.redis.core.RedisHash (preferred), or consider extending one of the following types with your repository: org.springframework.data.keyvalue.repository.KeyValueRepository
2023-06-20 00:19:15.874 INFO  20760 --- [main] o.s.d.r.c.RepositoryConfigurationExtensionSupport - Spring Data Redis - Could not safely identify store assignment for repository candidate interface com.backend.videoproject_backend.dao.UserRecordDao; If you want this repository to be a Redis repository, consider annotating your entities with one of these annotations: org.springframework.data.redis.core.RedisHash (preferred), or consider extending one of the following types with your repository: org.springframework.data.keyvalue.repository.KeyValueRepository
2023-06-20 00:19:15.875 INFO  20760 --- [main] o.s.d.r.config.RepositoryConfigurationDelegate - Finished Spring Data repository scanning in 32 ms. Found 0 Redis repository interfaces.
2023-06-20 00:19:16.186 INFO  20760 --- [main] o.s.i.c.DefaultConfiguringBeanFactoryPostProcessor - No bean named 'errorChannel' has been explicitly defined. Therefore, a default PublishSubscribeChannel will be created.
2023-06-20 00:19:16.215 INFO  20760 --- [main] o.s.i.c.DefaultConfiguringBeanFactoryPostProcessor - No bean named 'integrationHeaderChannelRegistry' has been explicitly defined. Therefore, a default DefaultHeaderChannelRegistry will be created.
2023-06-20 00:19:16.854 INFO  20760 --- [main] o.s.c.s.PostProcessorRegistrationDelegate$BeanPostProcessorChecker - Bean 'org.springframework.integration.config.IntegrationManagementConfiguration' of type [org.springframework.integration.config.IntegrationManagementConfiguration] is not eligible for getting processed by all BeanPostProcessors (for example: not eligible for auto-proxying)
2023-06-20 00:19:16.891 INFO  20760 --- [main] o.s.c.s.PostProcessorRegistrationDelegate$BeanPostProcessorChecker - Bean 'integrationChannelResolver' of type [org.springframework.integration.support.channel.BeanFactoryChannelResolver] is not eligible for getting processed by all BeanPostProcessors (for example: not eligible for auto-proxying)
2023-06-20 00:19:17.473 INFO  20760 --- [main] org.hibernate.jpa.internal.util.LogHelper - HHH000204: Processing PersistenceUnitInfo [name: default]
2023-06-20 00:19:17.558 INFO  20760 --- [main] org.hibernate.Version - HHH000412: Hibernate ORM core version 5.6.10.Final
2023-06-20 00:19:17.882 INFO  20760 --- [main] org.hibernate.annotations.common.Version - HCANN000001: Hibernate Commons Annotations {5.1.2.Final}
2023-06-20 00:19:18.214 INFO  20760 --- [main] com.zaxxer.hikari.HikariDataSource - HikariPool-1 - Starting...
2023-06-20 00:19:18.858 INFO  20760 --- [main] com.zaxxer.hikari.HikariDataSource - HikariPool-1 - Start completed.
2023-06-20 00:19:18.879 INFO  20760 --- [main] org.hibernate.dialect.Dialect - HHH000400: Using dialect: org.hibernate.dialect.MySQL5Dialect
2023-06-20 00:19:21.272 INFO  20760 --- [main] o.h.e.t.jta.platform.internal.JtaPlatformInitiator - HHH000490: Using JtaPlatform implementation: [org.hibernate.engine.transaction.jta.platform.internal.NoJtaPlatform]
2023-06-20 00:19:21.281 INFO  20760 --- [main] o.s.orm.jpa.LocalContainerEntityManagerFactoryBean - Initialized JPA EntityManagerFactory for persistence unit 'default'
2023-06-20 00:19:23.888 WARN  20760 --- [main] o.s.b.a.o.j.JpaBaseConfiguration$JpaWebConfiguration - spring.jpa.open-in-view is enabled by default. Therefore, database queries may be performed during view rendering. Explicitly configure spring.jpa.open-in-view to disable this warning
2023-06-20 00:19:24.467 INFO  20760 --- [main] s.d.s.w.PropertySourcedRequestMappingHandlerMapping - Mapped URL path [/v2/api-docs] onto method [springfox.documentation.swagger2.web.Swagger2Controller#getDocumentation(String, HttpServletRequest)]
2023-06-20 00:19:25.394 WARN  20760 --- [main] o.s.b.a.t.ThymeleafAutoConfiguration$DefaultTemplateResolverConfiguration - Cannot find template location: classpath:/templates/ (please add some templates or check your Thymeleaf configuration)
2023-06-20 00:19:27.485 INFO  20760 --- [main] o.s.integration.endpoint.EventDrivenConsumer - Adding {logging-channel-adapter:_org.springframework.integration.errorLogger} as a subscriber to the 'errorChannel' channel
2023-06-20 00:19:27.486 INFO  20760 --- [main] o.s.integration.channel.PublishSubscribeChannel - Channel 'application.errorChannel' has 1 subscriber(s).
2023-06-20 00:19:27.487 INFO  20760 --- [main] o.s.integration.endpoint.EventDrivenConsumer - started bean '_org.springframework.integration.errorLogger'
2023-06-20 00:19:27.488 INFO  20760 --- [main] s.d.s.web.plugins.DocumentationPluginsBootstrapper - Context refreshed
2023-06-20 00:19:27.536 INFO  20760 --- [main] s.d.s.web.plugins.DocumentationPluginsBootstrapper - Found 1 custom documentation plugin(s)
2023-06-20 00:19:27.625 INFO  20760 --- [main] s.d.spring.web.scanners.ApiListingReferenceScanner - Scanning for api listing references
2023-06-20 00:19:28.134 INFO  20760 --- [main] s.d.s.w.r.operation.CachingOperationNameGenerator - Generating unique operation named: SearchClubUsingGET_1
2023-06-20 00:19:28.160 INFO  20760 --- [main] s.d.s.w.r.operation.CachingOperationNameGenerator - Generating unique operation named: doLoginUsingPOST_1
2023-06-20 00:19:28.169 INFO  20760 --- [main] s.d.s.w.r.operation.CachingOperationNameGenerator - Generating unique operation named: isLoginUsingGET_1
2023-06-20 00:19:28.234 INFO  20760 --- [main] s.d.s.w.r.operation.CachingOperationNameGenerator - Generating unique operation named: SearchClubUsingGET_2
2023-06-20 00:19:28.305 INFO  20760 --- [main] c.b.videoproject_backend.test.ManagerServiceTest - Started ManagerServiceTest in 15.466 seconds (JVM running for 17.204)
2023-06-20 00:19:28.671 INFO  20760 --- [main] c.b.videoproject_backend.utils.netty.SocketServer - Netty started on port: 8088 (TCP) with boss thread 1
2023-06-20 00:19:31.595 INFO  20760 --- [SpringApplicationShutdownHook] o.s.integration.endpoint.EventDrivenConsumer - Removing {logging-channel-adapter:_org.springframework.integration.errorLogger} as a subscriber to the 'errorChannel' channel
2023-06-20 00:19:31.596 INFO  20760 --- [SpringApplicationShutdownHook] o.s.integration.channel.PublishSubscribeChannel - Channel 'application.errorChannel' has 0 subscriber(s).
2023-06-20 00:19:31.596 INFO  20760 --- [SpringApplicationShutdownHook] o.s.integration.endpoint.EventDrivenConsumer - stopped bean '_org.springframework.integration.errorLogger'
2023-06-20 00:19:31.623 INFO  20760 --- [SpringApplicationShutdownHook] o.s.orm.jpa.LocalContainerEntityManagerFactoryBean - Closing JPA EntityManagerFactory for persistence unit 'default'
2023-06-20 00:19:31.626 INFO  20760 --- [SpringApplicationShutdownHook] com.zaxxer.hikari.HikariDataSource - HikariPool-1 - Shutdown initiated...
2023-06-20 00:19:31.635 INFO  20760 --- [SpringApplicationShutdownHook] com.zaxxer.hikari.HikariDataSource - HikariPool-1 - Shutdown completed.
2023-06-20 01:15:26.735 INFO  23548 --- [main] c.b.videoproject_backend.test.ManagerServiceTest - Starting ManagerServiceTest using Java 17.0.4.1 on LAPTOP-6ALQDQHI with PID 23548 (started by gkcy in D:\IdeaProjects\VideoProject_BackEnd\VideoProject_BackEnd)
2023-06-20 01:15:26.736 INFO  23548 --- [main] c.b.videoproject_backend.test.ManagerServiceTest - The following 1 profile is active: "dev"
2023-06-20 01:15:27.484 INFO  23548 --- [main] o.s.d.r.config.RepositoryConfigurationDelegate - Multiple Spring Data modules found, entering strict repository configuration mode
2023-06-20 01:15:27.485 INFO  23548 --- [main] o.s.d.r.config.RepositoryConfigurationDelegate - Bootstrapping Spring Data JPA repositories in DEFAULT mode.
2023-06-20 01:15:27.665 INFO  23548 --- [main] o.s.d.r.config.RepositoryConfigurationDelegate - Finished Spring Data repository scanning in 169 ms. Found 11 JPA repository interfaces.
2023-06-20 01:15:27.926 INFO  23548 --- [main] o.s.d.r.config.RepositoryConfigurationDelegate - Multiple Spring Data modules found, entering strict repository configuration mode
2023-06-20 01:15:27.927 INFO  23548 --- [main] o.s.d.r.config.RepositoryConfigurationDelegate - Bootstrapping Spring Data Redis repositories in DEFAULT mode.
2023-06-20 01:15:27.947 INFO  23548 --- [main] o.s.d.r.c.RepositoryConfigurationExtensionSupport - Spring Data Redis - Could not safely identify store assignment for repository candidate interface com.backend.videoproject_backend.dao.ArticleDao; If you want this repository to be a Redis repository, consider annotating your entities with one of these annotations: org.springframework.data.redis.core.RedisHash (preferred), or consider extending one of the following types with your repository: org.springframework.data.keyvalue.repository.KeyValueRepository
2023-06-20 01:15:27.948 INFO  23548 --- [main] o.s.d.r.c.RepositoryConfigurationExtensionSupport - Spring Data Redis - Could not safely identify store assignment for repository candidate interface com.backend.videoproject_backend.dao.AssociationDao; If you want this repository to be a Redis repository, consider annotating your entities with one of these annotations: org.springframework.data.redis.core.RedisHash (preferred), or consider extending one of the following types with your repository: org.springframework.data.keyvalue.repository.KeyValueRepository
2023-06-20 01:15:27.949 INFO  23548 --- [main] o.s.d.r.c.RepositoryConfigurationExtensionSupport - Spring Data Redis - Could not safely identify store assignment for repository candidate interface com.backend.videoproject_backend.dao.FeedbackDao; If you want this repository to be a Redis repository, consider annotating your entities with one of these annotations: org.springframework.data.redis.core.RedisHash (preferred), or consider extending one of the following types with your repository: org.springframework.data.keyvalue.repository.KeyValueRepository
2023-06-20 01:15:27.950 INFO  23548 --- [main] o.s.d.r.c.RepositoryConfigurationExtensionSupport - Spring Data Redis - Could not safely identify store assignment for repository candidate interface com.backend.videoproject_backend.dao.FollowDao; If you want this repository to be a Redis repository, consider annotating your entities with one of these annotations: org.springframework.data.redis.core.RedisHash (preferred), or consider extending one of the following types with your repository: org.springframework.data.keyvalue.repository.KeyValueRepository
2023-06-20 01:15:27.951 INFO  23548 --- [main] o.s.d.r.c.RepositoryConfigurationExtensionSupport - Spring Data Redis - Could not safely identify store assignment for repository candidate interface com.backend.videoproject_backend.dao.LikeDao; If you want this repository to be a Redis repository, consider annotating your entities with one of these annotations: org.springframework.data.redis.core.RedisHash (preferred), or consider extending one of the following types with your repository: org.springframework.data.keyvalue.repository.KeyValueRepository
2023-06-20 01:15:27.951 INFO  23548 --- [main] o.s.d.r.c.RepositoryConfigurationExtensionSupport - Spring Data Redis - Could not safely identify store assignment for repository candidate interface com.backend.videoproject_backend.dao.ManagerDao; If you want this repository to be a Redis repository, consider annotating your entities with one of these annotations: org.springframework.data.redis.core.RedisHash (preferred), or consider extending one of the following types with your repository: org.springframework.data.keyvalue.repository.KeyValueRepository
2023-06-20 01:15:27.952 INFO  23548 --- [main] o.s.d.r.c.RepositoryConfigurationExtensionSupport - Spring Data Redis - Could not safely identify store assignment for repository candidate interface com.backend.videoproject_backend.dao.PhysicalDao; If you want this repository to be a Redis repository, consider annotating your entities with one of these annotations: org.springframework.data.redis.core.RedisHash (preferred), or consider extending one of the following types with your repository: org.springframework.data.keyvalue.repository.KeyValueRepository
2023-06-20 01:15:27.952 INFO  23548 --- [main] o.s.d.r.c.RepositoryConfigurationExtensionSupport - Spring Data Redis - Could not safely identify store assignment for repository candidate interface com.backend.videoproject_backend.dao.RecordDao; If you want this repository to be a Redis repository, consider annotating your entities with one of these annotations: org.springframework.data.redis.core.RedisHash (preferred), or consider extending one of the following types with your repository: org.springframework.data.keyvalue.repository.KeyValueRepository
2023-06-20 01:15:27.952 INFO  23548 --- [main] o.s.d.r.c.RepositoryConfigurationExtensionSupport - Spring Data Redis - Could not safely identify store assignment for repository candidate interface com.backend.videoproject_backend.dao.TestDao; If you want this repository to be a Redis repository, consider annotating your entities with one of these annotations: org.springframework.data.redis.core.RedisHash (preferred), or consider extending one of the following types with your repository: org.springframework.data.keyvalue.repository.KeyValueRepository
2023-06-20 01:15:27.953 INFO  23548 --- [main] o.s.d.r.c.RepositoryConfigurationExtensionSupport - Spring Data Redis - Could not safely identify store assignment for repository candidate interface com.backend.videoproject_backend.dao.UserDao; If you want this repository to be a Redis repository, consider annotating your entities with one of these annotations: org.springframework.data.redis.core.RedisHash (preferred), or consider extending one of the following types with your repository: org.springframework.data.keyvalue.repository.KeyValueRepository
2023-06-20 01:15:27.953 INFO  23548 --- [main] o.s.d.r.c.RepositoryConfigurationExtensionSupport - Spring Data Redis - Could not safely identify store assignment for repository candidate interface com.backend.videoproject_backend.dao.UserRecordDao; If you want this repository to be a Redis repository, consider annotating your entities with one of these annotations: org.springframework.data.redis.core.RedisHash (preferred), or consider extending one of the following types with your repository: org.springframework.data.keyvalue.repository.KeyValueRepository
2023-06-20 01:15:27.953 INFO  23548 --- [main] o.s.d.r.config.RepositoryConfigurationDelegate - Finished Spring Data repository scanning in 16 ms. Found 0 Redis repository interfaces.
2023-06-20 01:15:28.101 INFO  23548 --- [main] o.s.i.c.DefaultConfiguringBeanFactoryPostProcessor - No bean named 'errorChannel' has been explicitly defined. Therefore, a default PublishSubscribeChannel will be created.
2023-06-20 01:15:28.115 INFO  23548 --- [main] o.s.i.c.DefaultConfiguringBeanFactoryPostProcessor - No bean named 'integrationHeaderChannelRegistry' has been explicitly defined. Therefore, a default DefaultHeaderChannelRegistry will be created.
2023-06-20 01:15:28.474 INFO  23548 --- [main] o.s.c.s.PostProcessorRegistrationDelegate$BeanPostProcessorChecker - Bean 'org.springframework.integration.config.IntegrationManagementConfiguration' of type [org.springframework.integration.config.IntegrationManagementConfiguration] is not eligible for getting processed by all BeanPostProcessors (for example: not eligible for auto-proxying)
2023-06-20 01:15:28.492 INFO  23548 --- [main] o.s.c.s.PostProcessorRegistrationDelegate$BeanPostProcessorChecker - Bean 'integrationChannelResolver' of type [org.springframework.integration.support.channel.BeanFactoryChannelResolver] is not eligible for getting processed by all BeanPostProcessors (for example: not eligible for auto-proxying)
2023-06-20 01:15:28.751 INFO  23548 --- [main] org.hibernate.jpa.internal.util.LogHelper - HHH000204: Processing PersistenceUnitInfo [name: default]
2023-06-20 01:15:28.795 INFO  23548 --- [main] org.hibernate.Version - HHH000412: Hibernate ORM core version 5.6.10.Final
2023-06-20 01:15:28.958 INFO  23548 --- [main] org.hibernate.annotations.common.Version - HCANN000001: Hibernate Commons Annotations {5.1.2.Final}
2023-06-20 01:15:29.162 INFO  23548 --- [main] com.zaxxer.hikari.HikariDataSource - HikariPool-1 - Starting...
2023-06-20 01:15:29.682 INFO  23548 --- [main] com.zaxxer.hikari.HikariDataSource - HikariPool-1 - Start completed.
2023-06-20 01:15:29.695 INFO  23548 --- [main] org.hibernate.dialect.Dialect - HHH000400: Using dialect: org.hibernate.dialect.MySQL5Dialect
2023-06-20 01:15:31.711 INFO  23548 --- [main] o.h.e.t.jta.platform.internal.JtaPlatformInitiator - HHH000490: Using JtaPlatform implementation: [org.hibernate.engine.transaction.jta.platform.internal.NoJtaPlatform]
2023-06-20 01:15:31.718 INFO  23548 --- [main] o.s.orm.jpa.LocalContainerEntityManagerFactoryBean - Initialized JPA EntityManagerFactory for persistence unit 'default'
2023-06-20 01:15:33.284 WARN  23548 --- [main] o.s.b.a.o.j.JpaBaseConfiguration$JpaWebConfiguration - spring.jpa.open-in-view is enabled by default. Therefore, database queries may be performed during view rendering. Explicitly configure spring.jpa.open-in-view to disable this warning
2023-06-20 01:15:33.615 INFO  23548 --- [main] s.d.s.w.PropertySourcedRequestMappingHandlerMapping - Mapped URL path [/v2/api-docs] onto method [springfox.documentation.swagger2.web.Swagger2Controller#getDocumentation(String, HttpServletRequest)]
2023-06-20 01:15:34.138 WARN  23548 --- [main] o.s.b.a.t.ThymeleafAutoConfiguration$DefaultTemplateResolverConfiguration - Cannot find template location: classpath:/templates/ (please add some templates or check your Thymeleaf configuration)
2023-06-20 01:15:34.986 INFO  23548 --- [main] o.s.integration.endpoint.EventDrivenConsumer - Adding {logging-channel-adapter:_org.springframework.integration.errorLogger} as a subscriber to the 'errorChannel' channel
2023-06-20 01:15:34.987 INFO  23548 --- [main] o.s.integration.channel.PublishSubscribeChannel - Channel 'application.errorChannel' has 1 subscriber(s).
2023-06-20 01:15:34.987 INFO  23548 --- [main] o.s.integration.endpoint.EventDrivenConsumer - started bean '_org.springframework.integration.errorLogger'
2023-06-20 01:15:34.987 INFO  23548 --- [main] s.d.s.web.plugins.DocumentationPluginsBootstrapper - Context refreshed
2023-06-20 01:15:35.007 INFO  23548 --- [main] s.d.s.web.plugins.DocumentationPluginsBootstrapper - Found 1 custom documentation plugin(s)
2023-06-20 01:15:35.044 INFO  23548 --- [main] s.d.spring.web.scanners.ApiListingReferenceScanner - Scanning for api listing references
2023-06-20 01:15:35.247 INFO  23548 --- [main] s.d.s.w.r.operation.CachingOperationNameGenerator - Generating unique operation named: SearchClubUsingGET_1
2023-06-20 01:15:35.261 INFO  23548 --- [main] s.d.s.w.r.operation.CachingOperationNameGenerator - Generating unique operation named: doLoginUsingPOST_1
2023-06-20 01:15:35.264 INFO  23548 --- [main] s.d.s.w.r.operation.CachingOperationNameGenerator - Generating unique operation named: isLoginUsingGET_1
2023-06-20 01:15:35.290 INFO  23548 --- [main] s.d.s.w.r.operation.CachingOperationNameGenerator - Generating unique operation named: SearchClubUsingGET_2
2023-06-20 01:15:35.316 INFO  23548 --- [main] c.b.videoproject_backend.test.ManagerServiceTest - Started ManagerServiceTest in 9.019 seconds (JVM running for 10.132)
2023-06-20 01:15:35.324 INFO  23548 --- [SpringApplicationShutdownHook] o.s.integration.endpoint.EventDrivenConsumer - Removing {logging-channel-adapter:_org.springframework.integration.errorLogger} as a subscriber to the 'errorChannel' channel
2023-06-20 01:15:35.325 INFO  23548 --- [SpringApplicationShutdownHook] o.s.integration.channel.PublishSubscribeChannel - Channel 'application.errorChannel' has 0 subscriber(s).
2023-06-20 01:15:35.326 INFO  23548 --- [SpringApplicationShutdownHook] o.s.integration.endpoint.EventDrivenConsumer - stopped bean '_org.springframework.integration.errorLogger'
2023-06-20 01:15:35.353 INFO  23548 --- [SpringApplicationShutdownHook] o.s.orm.jpa.LocalContainerEntityManagerFactoryBean - Closing JPA EntityManagerFactory for persistence unit 'default'
2023-06-20 01:15:35.355 INFO  23548 --- [SpringApplicationShutdownHook] com.zaxxer.hikari.HikariDataSource - HikariPool-1 - Shutdown initiated...
2023-06-20 01:15:35.364 INFO  23548 --- [SpringApplicationShutdownHook] com.zaxxer.hikari.HikariDataSource - HikariPool-1 - Shutdown completed.
2023-06-20 01:16:20.584 INFO  13548 --- [main] c.b.videoproject_backend.test.ManagerServiceTest - Starting ManagerServiceTest using Java 17.0.4.1 on LAPTOP-6ALQDQHI with PID 13548 (started by gkcy in D:\IdeaProjects\VideoProject_BackEnd\VideoProject_BackEnd)
2023-06-20 01:16:20.586 INFO  13548 --- [main] c.b.videoproject_backend.test.ManagerServiceTest - The following 1 profile is active: "dev"
2023-06-20 01:16:21.322 INFO  13548 --- [main] o.s.d.r.config.RepositoryConfigurationDelegate - Multiple Spring Data modules found, entering strict repository configuration mode
2023-06-20 01:16:21.322 INFO  13548 --- [main] o.s.d.r.config.RepositoryConfigurationDelegate - Bootstrapping Spring Data JPA repositories in DEFAULT mode.
2023-06-20 01:16:21.488 INFO  13548 --- [main] o.s.d.r.config.RepositoryConfigurationDelegate - Finished Spring Data repository scanning in 157 ms. Found 11 JPA repository interfaces.
2023-06-20 01:16:21.741 INFO  13548 --- [main] o.s.d.r.config.RepositoryConfigurationDelegate - Multiple Spring Data modules found, entering strict repository configuration mode
2023-06-20 01:16:21.742 INFO  13548 --- [main] o.s.d.r.config.RepositoryConfigurationDelegate - Bootstrapping Spring Data Redis repositories in DEFAULT mode.
2023-06-20 01:16:21.763 INFO  13548 --- [main] o.s.d.r.c.RepositoryConfigurationExtensionSupport - Spring Data Redis - Could not safely identify store assignment for repository candidate interface com.backend.videoproject_backend.dao.ArticleDao; If you want this repository to be a Redis repository, consider annotating your entities with one of these annotations: org.springframework.data.redis.core.RedisHash (preferred), or consider extending one of the following types with your repository: org.springframework.data.keyvalue.repository.KeyValueRepository
2023-06-20 01:16:21.764 INFO  13548 --- [main] o.s.d.r.c.RepositoryConfigurationExtensionSupport - Spring Data Redis - Could not safely identify store assignment for repository candidate interface com.backend.videoproject_backend.dao.AssociationDao; If you want this repository to be a Redis repository, consider annotating your entities with one of these annotations: org.springframework.data.redis.core.RedisHash (preferred), or consider extending one of the following types with your repository: org.springframework.data.keyvalue.repository.KeyValueRepository
2023-06-20 01:16:21.764 INFO  13548 --- [main] o.s.d.r.c.RepositoryConfigurationExtensionSupport - Spring Data Redis - Could not safely identify store assignment for repository candidate interface com.backend.videoproject_backend.dao.FeedbackDao; If you want this repository to be a Redis repository, consider annotating your entities with one of these annotations: org.springframework.data.redis.core.RedisHash (preferred), or consider extending one of the following types with your repository: org.springframework.data.keyvalue.repository.KeyValueRepository
2023-06-20 01:16:21.764 INFO  13548 --- [main] o.s.d.r.c.RepositoryConfigurationExtensionSupport - Spring Data Redis - Could not safely identify store assignment for repository candidate interface com.backend.videoproject_backend.dao.FollowDao; If you want this repository to be a Redis repository, consider annotating your entities with one of these annotations: org.springframework.data.redis.core.RedisHash (preferred), or consider extending one of the following types with your repository: org.springframework.data.keyvalue.repository.KeyValueRepository
2023-06-20 01:16:21.765 INFO  13548 --- [main] o.s.d.r.c.RepositoryConfigurationExtensionSupport - Spring Data Redis - Could not safely identify store assignment for repository candidate interface com.backend.videoproject_backend.dao.LikeDao; If you want this repository to be a Redis repository, consider annotating your entities with one of these annotations: org.springframework.data.redis.core.RedisHash (preferred), or consider extending one of the following types with your repository: org.springframework.data.keyvalue.repository.KeyValueRepository
2023-06-20 01:16:21.765 INFO  13548 --- [main] o.s.d.r.c.RepositoryConfigurationExtensionSupport - Spring Data Redis - Could not safely identify store assignment for repository candidate interface com.backend.videoproject_backend.dao.ManagerDao; If you want this repository to be a Redis repository, consider annotating your entities with one of these annotations: org.springframework.data.redis.core.RedisHash (preferred), or consider extending one of the following types with your repository: org.springframework.data.keyvalue.repository.KeyValueRepository
2023-06-20 01:16:21.766 INFO  13548 --- [main] o.s.d.r.c.RepositoryConfigurationExtensionSupport - Spring Data Redis - Could not safely identify store assignment for repository candidate interface com.backend.videoproject_backend.dao.PhysicalDao; If you want this repository to be a Redis repository, consider annotating your entities with one of these annotations: org.springframework.data.redis.core.RedisHash (preferred), or consider extending one of the following types with your repository: org.springframework.data.keyvalue.repository.KeyValueRepository
2023-06-20 01:16:21.766 INFO  13548 --- [main] o.s.d.r.c.RepositoryConfigurationExtensionSupport - Spring Data Redis - Could not safely identify store assignment for repository candidate interface com.backend.videoproject_backend.dao.RecordDao; If you want this repository to be a Redis repository, consider annotating your entities with one of these annotations: org.springframework.data.redis.core.RedisHash (preferred), or consider extending one of the following types with your repository: org.springframework.data.keyvalue.repository.KeyValueRepository
2023-06-20 01:16:21.766 INFO  13548 --- [main] o.s.d.r.c.RepositoryConfigurationExtensionSupport - Spring Data Redis - Could not safely identify store assignment for repository candidate interface com.backend.videoproject_backend.dao.TestDao; If you want this repository to be a Redis repository, consider annotating your entities with one of these annotations: org.springframework.data.redis.core.RedisHash (preferred), or consider extending one of the following types with your repository: org.springframework.data.keyvalue.repository.KeyValueRepository
2023-06-20 01:16:21.767 INFO  13548 --- [main] o.s.d.r.c.RepositoryConfigurationExtensionSupport - Spring Data Redis - Could not safely identify store assignment for repository candidate interface com.backend.videoproject_backend.dao.UserDao; If you want this repository to be a Redis repository, consider annotating your entities with one of these annotations: org.springframework.data.redis.core.RedisHash (preferred), or consider extending one of the following types with your repository: org.springframework.data.keyvalue.repository.KeyValueRepository
2023-06-20 01:16:21.767 INFO  13548 --- [main] o.s.d.r.c.RepositoryConfigurationExtensionSupport - Spring Data Redis - Could not safely identify store assignment for repository candidate interface com.backend.videoproject_backend.dao.UserRecordDao; If you want this repository to be a Redis repository, consider annotating your entities with one of these annotations: org.springframework.data.redis.core.RedisHash (preferred), or consider extending one of the following types with your repository: org.springframework.data.keyvalue.repository.KeyValueRepository
2023-06-20 01:16:21.767 INFO  13548 --- [main] o.s.d.r.config.RepositoryConfigurationDelegate - Finished Spring Data repository scanning in 16 ms. Found 0 Redis repository interfaces.
2023-06-20 01:16:21.917 INFO  13548 --- [main] o.s.i.c.DefaultConfiguringBeanFactoryPostProcessor - No bean named 'errorChannel' has been explicitly defined. Therefore, a default PublishSubscribeChannel will be created.
2023-06-20 01:16:21.931 INFO  13548 --- [main] o.s.i.c.DefaultConfiguringBeanFactoryPostProcessor - No bean named 'integrationHeaderChannelRegistry' has been explicitly defined. Therefore, a default DefaultHeaderChannelRegistry will be created.
2023-06-20 01:16:22.283 INFO  13548 --- [main] o.s.c.s.PostProcessorRegistrationDelegate$BeanPostProcessorChecker - Bean 'org.springframework.integration.config.IntegrationManagementConfiguration' of type [org.springframework.integration.config.IntegrationManagementConfiguration] is not eligible for getting processed by all BeanPostProcessors (for example: not eligible for auto-proxying)
2023-06-20 01:16:22.301 INFO  13548 --- [main] o.s.c.s.PostProcessorRegistrationDelegate$BeanPostProcessorChecker - Bean 'integrationChannelResolver' of type [org.springframework.integration.support.channel.BeanFactoryChannelResolver] is not eligible for getting processed by all BeanPostProcessors (for example: not eligible for auto-proxying)
2023-06-20 01:16:22.563 INFO  13548 --- [main] org.hibernate.jpa.internal.util.LogHelper - HHH000204: Processing PersistenceUnitInfo [name: default]
2023-06-20 01:16:22.608 INFO  13548 --- [main] org.hibernate.Version - HHH000412: Hibernate ORM core version 5.6.10.Final
2023-06-20 01:16:22.766 INFO  13548 --- [main] org.hibernate.annotations.common.Version - HCANN000001: Hibernate Commons Annotations {5.1.2.Final}
2023-06-20 01:16:22.960 INFO  13548 --- [main] com.zaxxer.hikari.HikariDataSource - HikariPool-1 - Starting...
2023-06-20 01:16:23.499 INFO  13548 --- [main] com.zaxxer.hikari.HikariDataSource - HikariPool-1 - Start completed.
2023-06-20 01:16:23.530 INFO  13548 --- [main] org.hibernate.dialect.Dialect - HHH000400: Using dialect: org.hibernate.dialect.MySQL5Dialect
2023-06-20 01:16:25.608 INFO  13548 --- [main] o.h.e.t.jta.platform.internal.JtaPlatformInitiator - HHH000490: Using JtaPlatform implementation: [org.hibernate.engine.transaction.jta.platform.internal.NoJtaPlatform]
2023-06-20 01:16:25.620 INFO  13548 --- [main] o.s.orm.jpa.LocalContainerEntityManagerFactoryBean - Initialized JPA EntityManagerFactory for persistence unit 'default'
2023-06-20 01:16:27.096 WARN  13548 --- [main] o.s.b.a.o.j.JpaBaseConfiguration$JpaWebConfiguration - spring.jpa.open-in-view is enabled by default. Therefore, database queries may be performed during view rendering. Explicitly configure spring.jpa.open-in-view to disable this warning
2023-06-20 01:16:27.442 INFO  13548 --- [main] s.d.s.w.PropertySourcedRequestMappingHandlerMapping - Mapped URL path [/v2/api-docs] onto method [springfox.documentation.swagger2.web.Swagger2Controller#getDocumentation(String, HttpServletRequest)]
2023-06-20 01:16:27.991 WARN  13548 --- [main] o.s.b.a.t.ThymeleafAutoConfiguration$DefaultTemplateResolverConfiguration - Cannot find template location: classpath:/templates/ (please add some templates or check your Thymeleaf configuration)
2023-06-20 01:16:28.802 INFO  13548 --- [main] o.s.integration.endpoint.EventDrivenConsumer - Adding {logging-channel-adapter:_org.springframework.integration.errorLogger} as a subscriber to the 'errorChannel' channel
2023-06-20 01:16:28.803 INFO  13548 --- [main] o.s.integration.channel.PublishSubscribeChannel - Channel 'application.errorChannel' has 1 subscriber(s).
2023-06-20 01:16:28.803 INFO  13548 --- [main] o.s.integration.endpoint.EventDrivenConsumer - started bean '_org.springframework.integration.errorLogger'
2023-06-20 01:16:28.803 INFO  13548 --- [main] s.d.s.web.plugins.DocumentationPluginsBootstrapper - Context refreshed
2023-06-20 01:16:28.825 INFO  13548 --- [main] s.d.s.web.plugins.DocumentationPluginsBootstrapper - Found 1 custom documentation plugin(s)
2023-06-20 01:16:28.862 INFO  13548 --- [main] s.d.spring.web.scanners.ApiListingReferenceScanner - Scanning for api listing references
2023-06-20 01:16:29.069 INFO  13548 --- [main] s.d.s.w.r.operation.CachingOperationNameGenerator - Generating unique operation named: SearchClubUsingGET_1
2023-06-20 01:16:29.084 INFO  13548 --- [main] s.d.s.w.r.operation.CachingOperationNameGenerator - Generating unique operation named: doLoginUsingPOST_1
2023-06-20 01:16:29.089 INFO  13548 --- [main] s.d.s.w.r.operation.CachingOperationNameGenerator - Generating unique operation named: isLoginUsingGET_1
2023-06-20 01:16:29.120 INFO  13548 --- [main] s.d.s.w.r.operation.CachingOperationNameGenerator - Generating unique operation named: SearchClubUsingGET_2
2023-06-20 01:16:29.154 INFO  13548 --- [main] c.b.videoproject_backend.test.ManagerServiceTest - Started ManagerServiceTest in 9.083 seconds (JVM running for 10.013)
2023-06-20 01:16:29.349 INFO  13548 --- [main] c.b.videoproject_backend.utils.netty.SocketServer - Netty started on port: 8088 (TCP) with boss thread 1
2023-06-20 01:16:41.101 INFO  13548 --- [SpringApplicationShutdownHook] o.s.integration.endpoint.EventDrivenConsumer - Removing {logging-channel-adapter:_org.springframework.integration.errorLogger} as a subscriber to the 'errorChannel' channel
2023-06-20 01:16:41.101 INFO  13548 --- [SpringApplicationShutdownHook] o.s.integration.channel.PublishSubscribeChannel - Channel 'application.errorChannel' has 0 subscriber(s).
2023-06-20 01:16:41.102 INFO  13548 --- [SpringApplicationShutdownHook] o.s.integration.endpoint.EventDrivenConsumer - stopped bean '_org.springframework.integration.errorLogger'
2023-06-20 01:16:41.122 INFO  13548 --- [SpringApplicationShutdownHook] o.s.orm.jpa.LocalContainerEntityManagerFactoryBean - Closing JPA EntityManagerFactory for persistence unit 'default'
2023-06-20 01:16:41.124 INFO  13548 --- [SpringApplicationShutdownHook] com.zaxxer.hikari.HikariDataSource - HikariPool-1 - Shutdown initiated...
2023-06-20 01:16:41.131 INFO  13548 --- [SpringApplicationShutdownHook] com.zaxxer.hikari.HikariDataSource - HikariPool-1 - Shutdown completed.
2023-06-20 01:19:26.522 INFO  9888 --- [main] c.b.videoproject_backend.test.ManagerServiceTest - Starting ManagerServiceTest using Java 17.0.4.1 on LAPTOP-6ALQDQHI with PID 9888 (started by gkcy in D:\IdeaProjects\VideoProject_BackEnd\VideoProject_BackEnd)
2023-06-20 01:19:26.524 INFO  9888 --- [main] c.b.videoproject_backend.test.ManagerServiceTest - The following 1 profile is active: "dev"
2023-06-20 01:19:27.292 INFO  9888 --- [main] o.s.d.r.config.RepositoryConfigurationDelegate - Multiple Spring Data modules found, entering strict repository configuration mode
2023-06-20 01:19:27.292 INFO  9888 --- [main] o.s.d.r.config.RepositoryConfigurationDelegate - Bootstrapping Spring Data JPA repositories in DEFAULT mode.
2023-06-20 01:19:27.466 INFO  9888 --- [main] o.s.d.r.config.RepositoryConfigurationDelegate - Finished Spring Data repository scanning in 165 ms. Found 11 JPA repository interfaces.
2023-06-20 01:19:27.736 INFO  9888 --- [main] o.s.d.r.config.RepositoryConfigurationDelegate - Multiple Spring Data modules found, entering strict repository configuration mode
2023-06-20 01:19:27.737 INFO  9888 --- [main] o.s.d.r.config.RepositoryConfigurationDelegate - Bootstrapping Spring Data Redis repositories in DEFAULT mode.
2023-06-20 01:19:27.756 INFO  9888 --- [main] o.s.d.r.c.RepositoryConfigurationExtensionSupport - Spring Data Redis - Could not safely identify store assignment for repository candidate interface com.backend.videoproject_backend.dao.ArticleDao; If you want this repository to be a Redis repository, consider annotating your entities with one of these annotations: org.springframework.data.redis.core.RedisHash (preferred), or consider extending one of the following types with your repository: org.springframework.data.keyvalue.repository.KeyValueRepository
2023-06-20 01:19:27.757 INFO  9888 --- [main] o.s.d.r.c.RepositoryConfigurationExtensionSupport - Spring Data Redis - Could not safely identify store assignment for repository candidate interface com.backend.videoproject_backend.dao.AssociationDao; If you want this repository to be a Redis repository, consider annotating your entities with one of these annotations: org.springframework.data.redis.core.RedisHash (preferred), or consider extending one of the following types with your repository: org.springframework.data.keyvalue.repository.KeyValueRepository
2023-06-20 01:19:27.758 INFO  9888 --- [main] o.s.d.r.c.RepositoryConfigurationExtensionSupport - Spring Data Redis - Could not safely identify store assignment for repository candidate interface com.backend.videoproject_backend.dao.FeedbackDao; If you want this repository to be a Redis repository, consider annotating your entities with one of these annotations: org.springframework.data.redis.core.RedisHash (preferred), or consider extending one of the following types with your repository: org.springframework.data.keyvalue.repository.KeyValueRepository
2023-06-20 01:19:27.759 INFO  9888 --- [main] o.s.d.r.c.RepositoryConfigurationExtensionSupport - Spring Data Redis - Could not safely identify store assignment for repository candidate interface com.backend.videoproject_backend.dao.FollowDao; If you want this repository to be a Redis repository, consider annotating your entities with one of these annotations: org.springframework.data.redis.core.RedisHash (preferred), or consider extending one of the following types with your repository: org.springframework.data.keyvalue.repository.KeyValueRepository
2023-06-20 01:19:27.759 INFO  9888 --- [main] o.s.d.r.c.RepositoryConfigurationExtensionSupport - Spring Data Redis - Could not safely identify store assignment for repository candidate interface com.backend.videoproject_backend.dao.LikeDao; If you want this repository to be a Redis repository, consider annotating your entities with one of these annotations: org.springframework.data.redis.core.RedisHash (preferred), or consider extending one of the following types with your repository: org.springframework.data.keyvalue.repository.KeyValueRepository
2023-06-20 01:19:27.759 INFO  9888 --- [main] o.s.d.r.c.RepositoryConfigurationExtensionSupport - Spring Data Redis - Could not safely identify store assignment for repository candidate interface com.backend.videoproject_backend.dao.ManagerDao; If you want this repository to be a Redis repository, consider annotating your entities with one of these annotations: org.springframework.data.redis.core.RedisHash (preferred), or consider extending one of the following types with your repository: org.springframework.data.keyvalue.repository.KeyValueRepository
2023-06-20 01:19:27.760 INFO  9888 --- [main] o.s.d.r.c.RepositoryConfigurationExtensionSupport - Spring Data Redis - Could not safely identify store assignment for repository candidate interface com.backend.videoproject_backend.dao.PhysicalDao; If you want this repository to be a Redis repository, consider annotating your entities with one of these annotations: org.springframework.data.redis.core.RedisHash (preferred), or consider extending one of the following types with your repository: org.springframework.data.keyvalue.repository.KeyValueRepository
2023-06-20 01:19:27.760 INFO  9888 --- [main] o.s.d.r.c.RepositoryConfigurationExtensionSupport - Spring Data Redis - Could not safely identify store assignment for repository candidate interface com.backend.videoproject_backend.dao.RecordDao; If you want this repository to be a Redis repository, consider annotating your entities with one of these annotations: org.springframework.data.redis.core.RedisHash (preferred), or consider extending one of the following types with your repository: org.springframework.data.keyvalue.repository.KeyValueRepository
2023-06-20 01:19:27.761 INFO  9888 --- [main] o.s.d.r.c.RepositoryConfigurationExtensionSupport - Spring Data Redis - Could not safely identify store assignment for repository candidate interface com.backend.videoproject_backend.dao.TestDao; If you want this repository to be a Redis repository, consider annotating your entities with one of these annotations: org.springframework.data.redis.core.RedisHash (preferred), or consider extending one of the following types with your repository: org.springframework.data.keyvalue.repository.KeyValueRepository
2023-06-20 01:19:27.761 INFO  9888 --- [main] o.s.d.r.c.RepositoryConfigurationExtensionSupport - Spring Data Redis - Could not safely identify store assignment for repository candidate interface com.backend.videoproject_backend.dao.UserDao; If you want this repository to be a Redis repository, consider annotating your entities with one of these annotations: org.springframework.data.redis.core.RedisHash (preferred), or consider extending one of the following types with your repository: org.springframework.data.keyvalue.repository.KeyValueRepository
2023-06-20 01:19:27.762 INFO  9888 --- [main] o.s.d.r.c.RepositoryConfigurationExtensionSupport - Spring Data Redis - Could not safely identify store assignment for repository candidate interface com.backend.videoproject_backend.dao.UserRecordDao; If you want this repository to be a Redis repository, consider annotating your entities with one of these annotations: org.springframework.data.redis.core.RedisHash (preferred), or consider extending one of the following types with your repository: org.springframework.data.keyvalue.repository.KeyValueRepository
2023-06-20 01:19:27.762 INFO  9888 --- [main] o.s.d.r.config.RepositoryConfigurationDelegate - Finished Spring Data repository scanning in 16 ms. Found 0 Redis repository interfaces.
2023-06-20 01:19:27.909 INFO  9888 --- [main] o.s.i.c.DefaultConfiguringBeanFactoryPostProcessor - No bean named 'errorChannel' has been explicitly defined. Therefore, a default PublishSubscribeChannel will be created.
2023-06-20 01:19:27.925 INFO  9888 --- [main] o.s.i.c.DefaultConfiguringBeanFactoryPostProcessor - No bean named 'integrationHeaderChannelRegistry' has been explicitly defined. Therefore, a default DefaultHeaderChannelRegistry will be created.
2023-06-20 01:19:28.284 INFO  9888 --- [main] o.s.c.s.PostProcessorRegistrationDelegate$BeanPostProcessorChecker - Bean 'org.springframework.integration.config.IntegrationManagementConfiguration' of type [org.springframework.integration.config.IntegrationManagementConfiguration] is not eligible for getting processed by all BeanPostProcessors (for example: not eligible for auto-proxying)
2023-06-20 01:19:28.308 INFO  9888 --- [main] o.s.c.s.PostProcessorRegistrationDelegate$BeanPostProcessorChecker - Bean 'integrationChannelResolver' of type [org.springframework.integration.support.channel.BeanFactoryChannelResolver] is not eligible for getting processed by all BeanPostProcessors (for example: not eligible for auto-proxying)
2023-06-20 01:19:28.577 INFO  9888 --- [main] org.hibernate.jpa.internal.util.LogHelper - HHH000204: Processing PersistenceUnitInfo [name: default]
2023-06-20 01:19:28.632 INFO  9888 --- [main] org.hibernate.Version - HHH000412: Hibernate ORM core version 5.6.10.Final
2023-06-20 01:19:28.827 INFO  9888 --- [main] org.hibernate.annotations.common.Version - HCANN000001: Hibernate Commons Annotations {5.1.2.Final}
2023-06-20 01:19:29.019 INFO  9888 --- [main] com.zaxxer.hikari.HikariDataSource - HikariPool-1 - Starting...
2023-06-20 01:19:29.559 INFO  9888 --- [main] com.zaxxer.hikari.HikariDataSource - HikariPool-1 - Start completed.
2023-06-20 01:19:29.580 INFO  9888 --- [main] org.hibernate.dialect.Dialect - HHH000400: Using dialect: org.hibernate.dialect.MySQL5Dialect
2023-06-20 01:19:31.756 INFO  9888 --- [main] o.h.e.t.jta.platform.internal.JtaPlatformInitiator - HHH000490: Using JtaPlatform implementation: [org.hibernate.engine.transaction.jta.platform.internal.NoJtaPlatform]
2023-06-20 01:19:31.767 INFO  9888 --- [main] o.s.orm.jpa.LocalContainerEntityManagerFactoryBean - Initialized JPA EntityManagerFactory for persistence unit 'default'
2023-06-20 01:19:33.271 WARN  9888 --- [main] o.s.b.a.o.j.JpaBaseConfiguration$JpaWebConfiguration - spring.jpa.open-in-view is enabled by default. Therefore, database queries may be performed during view rendering. Explicitly configure spring.jpa.open-in-view to disable this warning
2023-06-20 01:19:33.612 INFO  9888 --- [main] s.d.s.w.PropertySourcedRequestMappingHandlerMapping - Mapped URL path [/v2/api-docs] onto method [springfox.documentation.swagger2.web.Swagger2Controller#getDocumentation(String, HttpServletRequest)]
2023-06-20 01:19:34.109 WARN  9888 --- [main] o.s.b.a.t.ThymeleafAutoConfiguration$DefaultTemplateResolverConfiguration - Cannot find template location: classpath:/templates/ (please add some templates or check your Thymeleaf configuration)
2023-06-20 01:19:34.934 INFO  9888 --- [main] o.s.integration.endpoint.EventDrivenConsumer - Adding {logging-channel-adapter:_org.springframework.integration.errorLogger} as a subscriber to the 'errorChannel' channel
2023-06-20 01:19:34.935 INFO  9888 --- [main] o.s.integration.channel.PublishSubscribeChannel - Channel 'application.errorChannel' has 1 subscriber(s).
2023-06-20 01:19:34.936 INFO  9888 --- [main] o.s.integration.endpoint.EventDrivenConsumer - started bean '_org.springframework.integration.errorLogger'
2023-06-20 01:19:34.936 INFO  9888 --- [main] s.d.s.web.plugins.DocumentationPluginsBootstrapper - Context refreshed
2023-06-20 01:19:34.956 INFO  9888 --- [main] s.d.s.web.plugins.DocumentationPluginsBootstrapper - Found 1 custom documentation plugin(s)
2023-06-20 01:19:34.993 INFO  9888 --- [main] s.d.spring.web.scanners.ApiListingReferenceScanner - Scanning for api listing references
2023-06-20 01:19:35.198 INFO  9888 --- [main] s.d.s.w.r.operation.CachingOperationNameGenerator - Generating unique operation named: SearchClubUsingGET_1
2023-06-20 01:19:35.211 INFO  9888 --- [main] s.d.s.w.r.operation.CachingOperationNameGenerator - Generating unique operation named: doLoginUsingPOST_1
2023-06-20 01:19:35.216 INFO  9888 --- [main] s.d.s.w.r.operation.CachingOperationNameGenerator - Generating unique operation named: isLoginUsingGET_1
2023-06-20 01:19:35.248 INFO  9888 --- [main] s.d.s.w.r.operation.CachingOperationNameGenerator - Generating unique operation named: SearchClubUsingGET_2
2023-06-20 01:19:35.277 INFO  9888 --- [main] c.b.videoproject_backend.test.ManagerServiceTest - Started ManagerServiceTest in 9.199 seconds (JVM running for 10.132)
2023-06-20 01:19:35.486 INFO  9888 --- [main] c.b.videoproject_backend.utils.netty.SocketServer - Netty started on port: 8088 (TCP) with boss thread 1
2023-06-20 01:19:50.328 INFO  9888 --- [SpringApplicationShutdownHook] o.s.integration.endpoint.EventDrivenConsumer - Removing {logging-channel-adapter:_org.springframework.integration.errorLogger} as a subscriber to the 'errorChannel' channel
2023-06-20 01:19:50.329 INFO  9888 --- [SpringApplicationShutdownHook] o.s.integration.channel.PublishSubscribeChannel - Channel 'application.errorChannel' has 0 subscriber(s).
2023-06-20 01:19:50.330 INFO  9888 --- [SpringApplicationShutdownHook] o.s.integration.endpoint.EventDrivenConsumer - stopped bean '_org.springframework.integration.errorLogger'
2023-06-20 01:19:50.364 INFO  9888 --- [SpringApplicationShutdownHook] o.s.orm.jpa.LocalContainerEntityManagerFactoryBean - Closing JPA EntityManagerFactory for persistence unit 'default'
2023-06-20 01:19:50.366 INFO  9888 --- [SpringApplicationShutdownHook] com.zaxxer.hikari.HikariDataSource - HikariPool-1 - Shutdown initiated...
2023-06-20 01:19:50.374 INFO  9888 --- [SpringApplicationShutdownHook] com.zaxxer.hikari.HikariDataSource - HikariPool-1 - Shutdown completed.
2023-06-20 16:33:56.933 INFO  11140 --- [main] c.b.v.VideoProjectBackEndApplication - Starting VideoProjectBackEndApplication using Java 17.0.4.1 on LAPTOP-6ALQDQHI with PID 11140 (D:\IdeaProjects\VideoProject_BackEnd\VideoProject_BackEnd\target\classes started by gkcy in D:\IdeaProjects\VideoProject_BackEnd\VideoProject_BackEnd)
2023-06-20 16:33:56.938 INFO  11140 --- [main] c.b.v.VideoProjectBackEndApplication - The following 1 profile is active: "dev"
2023-06-20 16:33:57.959 INFO  11140 --- [main] o.s.d.r.config.RepositoryConfigurationDelegate - Multiple Spring Data modules found, entering strict repository configuration mode
2023-06-20 16:33:57.959 INFO  11140 --- [main] o.s.d.r.config.RepositoryConfigurationDelegate - Bootstrapping Spring Data JPA repositories in DEFAULT mode.
2023-06-20 16:33:58.163 INFO  11140 --- [main] o.s.d.r.config.RepositoryConfigurationDelegate - Finished Spring Data repository scanning in 193 ms. Found 11 JPA repository interfaces.
2023-06-20 16:33:58.449 INFO  11140 --- [main] o.s.d.r.config.RepositoryConfigurationDelegate - Multiple Spring Data modules found, entering strict repository configuration mode
2023-06-20 16:33:58.451 INFO  11140 --- [main] o.s.d.r.config.RepositoryConfigurationDelegate - Bootstrapping Spring Data Redis repositories in DEFAULT mode.
2023-06-20 16:33:58.473 INFO  11140 --- [main] o.s.d.r.c.RepositoryConfigurationExtensionSupport - Spring Data Redis - Could not safely identify store assignment for repository candidate interface com.backend.videoproject_backend.dao.ArticleDao; If you want this repository to be a Redis repository, consider annotating your entities with one of these annotations: org.springframework.data.redis.core.RedisHash (preferred), or consider extending one of the following types with your repository: org.springframework.data.keyvalue.repository.KeyValueRepository
2023-06-20 16:33:58.474 INFO  11140 --- [main] o.s.d.r.c.RepositoryConfigurationExtensionSupport - Spring Data Redis - Could not safely identify store assignment for repository candidate interface com.backend.videoproject_backend.dao.AssociationDao; If you want this repository to be a Redis repository, consider annotating your entities with one of these annotations: org.springframework.data.redis.core.RedisHash (preferred), or consider extending one of the following types with your repository: org.springframework.data.keyvalue.repository.KeyValueRepository
2023-06-20 16:33:58.475 INFO  11140 --- [main] o.s.d.r.c.RepositoryConfigurationExtensionSupport - Spring Data Redis - Could not safely identify store assignment for repository candidate interface com.backend.videoproject_backend.dao.FeedbackDao; If you want this repository to be a Redis repository, consider annotating your entities with one of these annotations: org.springframework.data.redis.core.RedisHash (preferred), or consider extending one of the following types with your repository: org.springframework.data.keyvalue.repository.KeyValueRepository
2023-06-20 16:33:58.475 INFO  11140 --- [main] o.s.d.r.c.RepositoryConfigurationExtensionSupport - Spring Data Redis - Could not safely identify store assignment for repository candidate interface com.backend.videoproject_backend.dao.FollowDao; If you want this repository to be a Redis repository, consider annotating your entities with one of these annotations: org.springframework.data.redis.core.RedisHash (preferred), or consider extending one of the following types with your repository: org.springframework.data.keyvalue.repository.KeyValueRepository
2023-06-20 16:33:58.475 INFO  11140 --- [main] o.s.d.r.c.RepositoryConfigurationExtensionSupport - Spring Data Redis - Could not safely identify store assignment for repository candidate interface com.backend.videoproject_backend.dao.LikeDao; If you want this repository to be a Redis repository, consider annotating your entities with one of these annotations: org.springframework.data.redis.core.RedisHash (preferred), or consider extending one of the following types with your repository: org.springframework.data.keyvalue.repository.KeyValueRepository
2023-06-20 16:33:58.476 INFO  11140 --- [main] o.s.d.r.c.RepositoryConfigurationExtensionSupport - Spring Data Redis - Could not safely identify store assignment for repository candidate interface com.backend.videoproject_backend.dao.ManagerDao; If you want this repository to be a Redis repository, consider annotating your entities with one of these annotations: org.springframework.data.redis.core.RedisHash (preferred), or consider extending one of the following types with your repository: org.springframework.data.keyvalue.repository.KeyValueRepository
2023-06-20 16:33:58.476 INFO  11140 --- [main] o.s.d.r.c.RepositoryConfigurationExtensionSupport - Spring Data Redis - Could not safely identify store assignment for repository candidate interface com.backend.videoproject_backend.dao.PhysicalDao; If you want this repository to be a Redis repository, consider annotating your entities with one of these annotations: org.springframework.data.redis.core.RedisHash (preferred), or consider extending one of the following types with your repository: org.springframework.data.keyvalue.repository.KeyValueRepository
2023-06-20 16:33:58.477 INFO  11140 --- [main] o.s.d.r.c.RepositoryConfigurationExtensionSupport - Spring Data Redis - Could not safely identify store assignment for repository candidate interface com.backend.videoproject_backend.dao.RecordDao; If you want this repository to be a Redis repository, consider annotating your entities with one of these annotations: org.springframework.data.redis.core.RedisHash (preferred), or consider extending one of the following types with your repository: org.springframework.data.keyvalue.repository.KeyValueRepository
2023-06-20 16:33:58.477 INFO  11140 --- [main] o.s.d.r.c.RepositoryConfigurationExtensionSupport - Spring Data Redis - Could not safely identify store assignment for repository candidate interface com.backend.videoproject_backend.dao.TestDao; If you want this repository to be a Redis repository, consider annotating your entities with one of these annotations: org.springframework.data.redis.core.RedisHash (preferred), or consider extending one of the following types with your repository: org.springframework.data.keyvalue.repository.KeyValueRepository
2023-06-20 16:33:58.478 INFO  11140 --- [main] o.s.d.r.c.RepositoryConfigurationExtensionSupport - Spring Data Redis - Could not safely identify store assignment for repository candidate interface com.backend.videoproject_backend.dao.UserDao; If you want this repository to be a Redis repository, consider annotating your entities with one of these annotations: org.springframework.data.redis.core.RedisHash (preferred), or consider extending one of the following types with your repository: org.springframework.data.keyvalue.repository.KeyValueRepository
2023-06-20 16:33:58.478 INFO  11140 --- [main] o.s.d.r.c.RepositoryConfigurationExtensionSupport - Spring Data Redis - Could not safely identify store assignment for repository candidate interface com.backend.videoproject_backend.dao.UserRecordDao; If you want this repository to be a Redis repository, consider annotating your entities with one of these annotations: org.springframework.data.redis.core.RedisHash (preferred), or consider extending one of the following types with your repository: org.springframework.data.keyvalue.repository.KeyValueRepository
2023-06-20 16:33:58.478 INFO  11140 --- [main] o.s.d.r.config.RepositoryConfigurationDelegate - Finished Spring Data repository scanning in 16 ms. Found 0 Redis repository interfaces.
2023-06-20 16:33:58.628 INFO  11140 --- [main] o.s.i.c.DefaultConfiguringBeanFactoryPostProcessor - No bean named 'errorChannel' has been explicitly defined. Therefore, a default PublishSubscribeChannel will be created.
2023-06-20 16:33:58.645 INFO  11140 --- [main] o.s.i.c.DefaultConfiguringBeanFactoryPostProcessor - No bean named 'integrationHeaderChannelRegistry' has been explicitly defined. Therefore, a default DefaultHeaderChannelRegistry will be created.
2023-06-20 16:33:58.941 INFO  11140 --- [main] o.s.c.s.PostProcessorRegistrationDelegate$BeanPostProcessorChecker - Bean 'org.springframework.integration.config.IntegrationManagementConfiguration' of type [org.springframework.integration.config.IntegrationManagementConfiguration] is not eligible for getting processed by all BeanPostProcessors (for example: not eligible for auto-proxying)
2023-06-20 16:33:58.952 INFO  11140 --- [main] o.s.c.s.PostProcessorRegistrationDelegate$BeanPostProcessorChecker - Bean 'integrationChannelResolver' of type [org.springframework.integration.support.channel.BeanFactoryChannelResolver] is not eligible for getting processed by all BeanPostProcessors (for example: not eligible for auto-proxying)
2023-06-20 16:33:59.305 INFO  11140 --- [main] o.s.boot.web.embedded.tomcat.TomcatWebServer - Tomcat initialized with port(s): 8081 (http)
2023-06-20 16:33:59.306 INFO  11140 --- [main] org.apache.catalina.core.AprLifecycleListener - Loaded Apache Tomcat Native library [1.2.35] using APR version [1.7.0].
2023-06-20 16:33:59.306 INFO  11140 --- [main] org.apache.catalina.core.AprLifecycleListener - APR capabilities: IPv6 [true], sendfile [true], accept filters [false], random [true], UDS [true].
2023-06-20 16:33:59.306 INFO  11140 --- [main] org.apache.catalina.core.AprLifecycleListener - APR/OpenSSL configuration: useAprConnector [false], useOpenSSL [true]
2023-06-20 16:33:59.311 INFO  11140 --- [main] org.apache.catalina.core.AprLifecycleListener - OpenSSL successfully initialized [OpenSSL 1.1.1q  5 Jul 2022]
2023-06-20 16:33:59.323 INFO  11140 --- [main] org.apache.coyote.http11.Http11NioProtocol - Initializing ProtocolHandler ["http-nio-8081"]
2023-06-20 16:33:59.323 INFO  11140 --- [main] org.apache.catalina.core.StandardService - Starting service [Tomcat]
2023-06-20 16:33:59.324 INFO  11140 --- [main] org.apache.catalina.core.StandardEngine - Starting Servlet engine: [Apache Tomcat/9.0.65]
2023-06-20 16:33:59.477 INFO  11140 --- [main] o.a.c.core.ContainerBase.[Tomcat].[localhost].[/] - Initializing Spring embedded WebApplicationContext
2023-06-20 16:33:59.477 INFO  11140 --- [main] o.s.b.w.s.c.ServletWebServerApplicationContext - Root WebApplicationContext: initialization completed in 2454 ms
2023-06-20 16:33:59.732 INFO  11140 --- [main] org.hibernate.jpa.internal.util.LogHelper - HHH000204: Processing PersistenceUnitInfo [name: default]
2023-06-20 16:33:59.794 INFO  11140 --- [main] org.hibernate.Version - HHH000412: Hibernate ORM core version 5.6.10.Final
2023-06-20 16:33:59.972 INFO  11140 --- [main] org.hibernate.annotations.common.Version - HCANN000001: Hibernate Commons Annotations {5.1.2.Final}
2023-06-20 16:34:00.087 INFO  11140 --- [main] com.zaxxer.hikari.HikariDataSource - HikariPool-1 - Starting...
2023-06-20 16:34:00.615 INFO  11140 --- [main] com.zaxxer.hikari.HikariDataSource - HikariPool-1 - Start completed.
2023-06-20 16:34:00.632 INFO  11140 --- [main] org.hibernate.dialect.Dialect - HHH000400: Using dialect: org.hibernate.dialect.MySQL5Dialect
2023-06-20 16:34:02.726 INFO  11140 --- [main] o.h.e.t.jta.platform.internal.JtaPlatformInitiator - HHH000490: Using JtaPlatform implementation: [org.hibernate.engine.transaction.jta.platform.internal.NoJtaPlatform]
2023-06-20 16:34:02.757 INFO  11140 --- [main] o.s.orm.jpa.LocalContainerEntityManagerFactoryBean - Initialized JPA EntityManagerFactory for persistence unit 'default'
2023-06-20 16:34:04.111 WARN  11140 --- [main] o.s.b.a.o.j.JpaBaseConfiguration$JpaWebConfiguration - spring.jpa.open-in-view is enabled by default. Therefore, database queries may be performed during view rendering. Explicitly configure spring.jpa.open-in-view to disable this warning
2023-06-20 16:34:04.243 INFO  11140 --- [main] s.d.s.w.PropertySourcedRequestMappingHandlerMapping - Mapped URL path [/v2/api-docs] onto method [springfox.documentation.swagger2.web.Swagger2Controller#getDocumentation(String, HttpServletRequest)]
2023-06-20 16:34:04.487 WARN  11140 --- [main] o.s.b.a.t.ThymeleafAutoConfiguration$DefaultTemplateResolverConfiguration - Cannot find template location: classpath:/templates/ (please add some templates or check your Thymeleaf configuration)
2023-06-20 16:34:05.127 INFO  11140 --- [main] o.s.integration.endpoint.EventDrivenConsumer - Adding {logging-channel-adapter:_org.springframework.integration.errorLogger} as a subscriber to the 'errorChannel' channel
2023-06-20 16:34:05.128 INFO  11140 --- [main] o.s.integration.channel.PublishSubscribeChannel - Channel 'application.errorChannel' has 1 subscriber(s).
2023-06-20 16:34:05.128 INFO  11140 --- [main] o.s.integration.endpoint.EventDrivenConsumer - started bean '_org.springframework.integration.errorLogger'
2023-06-20 16:34:05.128 INFO  11140 --- [main] org.apache.coyote.http11.Http11NioProtocol - Starting ProtocolHandler ["http-nio-8081"]
2023-06-20 16:34:05.141 INFO  11140 --- [main] o.s.boot.web.embedded.tomcat.TomcatWebServer - Tomcat started on port(s): 8081 (http) with context path ''
2023-06-20 16:34:05.142 INFO  11140 --- [main] s.d.s.web.plugins.DocumentationPluginsBootstrapper - Context refreshed
2023-06-20 16:34:05.160 INFO  11140 --- [main] s.d.s.web.plugins.DocumentationPluginsBootstrapper - Found 1 custom documentation plugin(s)
2023-06-20 16:34:05.189 INFO  11140 --- [main] s.d.spring.web.scanners.ApiListingReferenceScanner - Scanning for api listing references
2023-06-20 16:34:05.329 INFO  11140 --- [main] s.d.s.w.r.operation.CachingOperationNameGenerator - Generating unique operation named: SearchClubUsingGET_1
2023-06-20 16:34:05.337 INFO  11140 --- [main] s.d.s.w.r.operation.CachingOperationNameGenerator - Generating unique operation named: doLoginUsingPOST_1
2023-06-20 16:34:05.340 INFO  11140 --- [main] s.d.s.w.r.operation.CachingOperationNameGenerator - Generating unique operation named: isLoginUsingGET_1
2023-06-20 16:34:05.363 INFO  11140 --- [main] s.d.s.w.r.operation.CachingOperationNameGenerator - Generating unique operation named: SearchClubUsingGET_2
2023-06-20 16:34:05.388 INFO  11140 --- [main] c.b.v.VideoProjectBackEndApplication - Started VideoProjectBackEndApplication in 9.393 seconds (JVM running for 11.35)
2023-06-20 16:34:05.646 INFO  11140 --- [main] c.b.videoproject_backend.utils.netty.SocketServer - Netty started on port: 8088 (TCP) with boss thread 1
2023-06-20 16:36:17.032 INFO  11140 --- [http-nio-8081-exec-1] o.a.c.core.ContainerBase.[Tomcat].[localhost].[/] - Initializing Spring DispatcherServlet 'dispatcherServlet'
2023-06-20 16:36:17.032 INFO  11140 --- [http-nio-8081-exec-1] org.springframework.web.servlet.DispatcherServlet - Initializing Servlet 'dispatcherServlet'
2023-06-20 16:36:17.034 INFO  11140 --- [http-nio-8081-exec-1] org.springframework.web.servlet.DispatcherServlet - Completed initialization in 2 ms
2023-06-20 19:26:42.518 INFO  11140 --- [SpringApplicationShutdownHook] o.s.integration.endpoint.EventDrivenConsumer - Removing {logging-channel-adapter:_org.springframework.integration.errorLogger} as a subscriber to the 'errorChannel' channel
2023-06-20 19:26:42.524 INFO  11140 --- [SpringApplicationShutdownHook] o.s.integration.channel.PublishSubscribeChannel - Channel 'application.errorChannel' has 0 subscriber(s).
2023-06-20 19:26:42.526 INFO  11140 --- [SpringApplicationShutdownHook] o.s.integration.endpoint.EventDrivenConsumer - stopped bean '_org.springframework.integration.errorLogger'
2023-06-20 19:26:42.635 INFO  11140 --- [SpringApplicationShutdownHook] o.s.orm.jpa.LocalContainerEntityManagerFactoryBean - Closing JPA EntityManagerFactory for persistence unit 'default'
2023-06-20 19:26:42.649 INFO  11140 --- [SpringApplicationShutdownHook] com.zaxxer.hikari.HikariDataSource - HikariPool-1 - Shutdown initiated...
2023-06-20 19:26:42.654 INFO  11140 --- [SpringApplicationShutdownHook] com.zaxxer.hikari.HikariDataSource - HikariPool-1 - Shutdown completed.
2023-06-20 22:55:54.939 INFO  2328 --- [main] c.b.videoproject_backend.test.ManagerServiceTest - Starting ManagerServiceTest using Java 17.0.4.1 on LAPTOP-6ALQDQHI with PID 2328 (started by gkcy in D:\IdeaProjects\VideoProject_BackEnd\VideoProject_BackEnd)
2023-06-20 22:55:54.942 INFO  2328 --- [main] c.b.videoproject_backend.test.ManagerServiceTest - The following 1 profile is active: "dev"
2023-06-20 22:55:56.538 INFO  2328 --- [main] o.s.d.r.config.RepositoryConfigurationDelegate - Multiple Spring Data modules found, entering strict repository configuration mode
2023-06-20 22:55:56.539 INFO  2328 --- [main] o.s.d.r.config.RepositoryConfigurationDelegate - Bootstrapping Spring Data JPA repositories in DEFAULT mode.
2023-06-20 22:55:56.838 INFO  2328 --- [main] o.s.d.r.config.RepositoryConfigurationDelegate - Finished Spring Data repository scanning in 284 ms. Found 11 JPA repository interfaces.
2023-06-20 22:55:57.363 INFO  2328 --- [main] o.s.d.r.config.RepositoryConfigurationDelegate - Multiple Spring Data modules found, entering strict repository configuration mode
2023-06-20 22:55:57.365 INFO  2328 --- [main] o.s.d.r.config.RepositoryConfigurationDelegate - Bootstrapping Spring Data Redis repositories in DEFAULT mode.
2023-06-20 22:55:57.409 INFO  2328 --- [main] o.s.d.r.c.RepositoryConfigurationExtensionSupport - Spring Data Redis - Could not safely identify store assignment for repository candidate interface com.backend.videoproject_backend.dao.ArticleDao; If you want this repository to be a Redis repository, consider annotating your entities with one of these annotations: org.springframework.data.redis.core.RedisHash (preferred), or consider extending one of the following types with your repository: org.springframework.data.keyvalue.repository.KeyValueRepository
2023-06-20 22:55:57.411 INFO  2328 --- [main] o.s.d.r.c.RepositoryConfigurationExtensionSupport - Spring Data Redis - Could not safely identify store assignment for repository candidate interface com.backend.videoproject_backend.dao.AssociationDao; If you want this repository to be a Redis repository, consider annotating your entities with one of these annotations: org.springframework.data.redis.core.RedisHash (preferred), or consider extending one of the following types with your repository: org.springframework.data.keyvalue.repository.KeyValueRepository
2023-06-20 22:55:57.412 INFO  2328 --- [main] o.s.d.r.c.RepositoryConfigurationExtensionSupport - Spring Data Redis - Could not safely identify store assignment for repository candidate interface com.backend.videoproject_backend.dao.FeedbackDao; If you want this repository to be a Redis repository, consider annotating your entities with one of these annotations: org.springframework.data.redis.core.RedisHash (preferred), or consider extending one of the following types with your repository: org.springframework.data.keyvalue.repository.KeyValueRepository
2023-06-20 22:55:57.413 INFO  2328 --- [main] o.s.d.r.c.RepositoryConfigurationExtensionSupport - Spring Data Redis - Could not safely identify store assignment for repository candidate interface com.backend.videoproject_backend.dao.FollowDao; If you want this repository to be a Redis repository, consider annotating your entities with one of these annotations: org.springframework.data.redis.core.RedisHash (preferred), or consider extending one of the following types with your repository: org.springframework.data.keyvalue.repository.KeyValueRepository
2023-06-20 22:55:57.415 INFO  2328 --- [main] o.s.d.r.c.RepositoryConfigurationExtensionSupport - Spring Data Redis - Could not safely identify store assignment for repository candidate interface com.backend.videoproject_backend.dao.LikeDao; If you want this repository to be a Redis repository, consider annotating your entities with one of these annotations: org.springframework.data.redis.core.RedisHash (preferred), or consider extending one of the following types with your repository: org.springframework.data.keyvalue.repository.KeyValueRepository
2023-06-20 22:55:57.416 INFO  2328 --- [main] o.s.d.r.c.RepositoryConfigurationExtensionSupport - Spring Data Redis - Could not safely identify store assignment for repository candidate interface com.backend.videoproject_backend.dao.ManagerDao; If you want this repository to be a Redis repository, consider annotating your entities with one of these annotations: org.springframework.data.redis.core.RedisHash (preferred), or consider extending one of the following types with your repository: org.springframework.data.keyvalue.repository.KeyValueRepository
2023-06-20 22:55:57.418 INFO  2328 --- [main] o.s.d.r.c.RepositoryConfigurationExtensionSupport - Spring Data Redis - Could not safely identify store assignment for repository candidate interface com.backend.videoproject_backend.dao.PhysicalDao; If you want this repository to be a Redis repository, consider annotating your entities with one of these annotations: org.springframework.data.redis.core.RedisHash (preferred), or consider extending one of the following types with your repository: org.springframework.data.keyvalue.repository.KeyValueRepository
2023-06-20 22:55:57.420 INFO  2328 --- [main] o.s.d.r.c.RepositoryConfigurationExtensionSupport - Spring Data Redis - Could not safely identify store assignment for repository candidate interface com.backend.videoproject_backend.dao.RecordDao; If you want this repository to be a Redis repository, consider annotating your entities with one of these annotations: org.springframework.data.redis.core.RedisHash (preferred), or consider extending one of the following types with your repository: org.springframework.data.keyvalue.repository.KeyValueRepository
2023-06-20 22:55:57.421 INFO  2328 --- [main] o.s.d.r.c.RepositoryConfigurationExtensionSupport - Spring Data Redis - Could not safely identify store assignment for repository candidate interface com.backend.videoproject_backend.dao.TestDao; If you want this repository to be a Redis repository, consider annotating your entities with one of these annotations: org.springframework.data.redis.core.RedisHash (preferred), or consider extending one of the following types with your repository: org.springframework.data.keyvalue.repository.KeyValueRepository
2023-06-20 22:55:57.423 INFO  2328 --- [main] o.s.d.r.c.RepositoryConfigurationExtensionSupport - Spring Data Redis - Could not safely identify store assignment for repository candidate interface com.backend.videoproject_backend.dao.UserDao; If you want this repository to be a Redis repository, consider annotating your entities with one of these annotations: org.springframework.data.redis.core.RedisHash (preferred), or consider extending one of the following types with your repository: org.springframework.data.keyvalue.repository.KeyValueRepository
2023-06-20 22:55:57.426 INFO  2328 --- [main] o.s.d.r.c.RepositoryConfigurationExtensionSupport - Spring Data Redis - Could not safely identify store assignment for repository candidate interface com.backend.videoproject_backend.dao.UserRecordDao; If you want this repository to be a Redis repository, consider annotating your entities with one of these annotations: org.springframework.data.redis.core.RedisHash (preferred), or consider extending one of the following types with your repository: org.springframework.data.keyvalue.repository.KeyValueRepository
2023-06-20 22:55:57.427 INFO  2328 --- [main] o.s.d.r.config.RepositoryConfigurationDelegate - Finished Spring Data repository scanning in 41 ms. Found 0 Redis repository interfaces.
2023-06-20 22:55:57.788 INFO  2328 --- [main] o.s.i.c.DefaultConfiguringBeanFactoryPostProcessor - No bean named 'errorChannel' has been explicitly defined. Therefore, a default PublishSubscribeChannel will be created.
2023-06-20 22:55:57.820 INFO  2328 --- [main] o.s.i.c.DefaultConfiguringBeanFactoryPostProcessor - No bean named 'integrationHeaderChannelRegistry' has been explicitly defined. Therefore, a default DefaultHeaderChannelRegistry will be created.
2023-06-20 22:55:58.459 INFO  2328 --- [main] o.s.c.s.PostProcessorRegistrationDelegate$BeanPostProcessorChecker - Bean 'org.springframework.integration.config.IntegrationManagementConfiguration' of type [org.springframework.integration.config.IntegrationManagementConfiguration] is not eligible for getting processed by all BeanPostProcessors (for example: not eligible for auto-proxying)
2023-06-20 22:55:58.494 INFO  2328 --- [main] o.s.c.s.PostProcessorRegistrationDelegate$BeanPostProcessorChecker - Bean 'integrationChannelResolver' of type [org.springframework.integration.support.channel.BeanFactoryChannelResolver] is not eligible for getting processed by all BeanPostProcessors (for example: not eligible for auto-proxying)
2023-06-20 22:55:59.032 INFO  2328 --- [main] org.hibernate.jpa.internal.util.LogHelper - HHH000204: Processing PersistenceUnitInfo [name: default]
2023-06-20 22:55:59.114 INFO  2328 --- [main] org.hibernate.Version - HHH000412: Hibernate ORM core version 5.6.10.Final
2023-06-20 22:55:59.395 INFO  2328 --- [main] org.hibernate.annotations.common.Version - HCANN000001: Hibernate Commons Annotations {5.1.2.Final}
2023-06-20 22:55:59.726 INFO  2328 --- [main] com.zaxxer.hikari.HikariDataSource - HikariPool-1 - Starting...
2023-06-20 22:56:00.442 INFO  2328 --- [main] com.zaxxer.hikari.HikariDataSource - HikariPool-1 - Start completed.
2023-06-20 22:56:00.462 INFO  2328 --- [main] org.hibernate.dialect.Dialect - HHH000400: Using dialect: org.hibernate.dialect.MySQL5Dialect
2023-06-20 22:56:03.161 INFO  2328 --- [main] o.h.e.t.jta.platform.internal.JtaPlatformInitiator - HHH000490: Using JtaPlatform implementation: [org.hibernate.engine.transaction.jta.platform.internal.NoJtaPlatform]
2023-06-20 22:56:03.169 INFO  2328 --- [main] o.s.orm.jpa.LocalContainerEntityManagerFactoryBean - Initialized JPA EntityManagerFactory for persistence unit 'default'
2023-06-20 22:56:05.521 WARN  2328 --- [main] o.s.b.a.o.j.JpaBaseConfiguration$JpaWebConfiguration - spring.jpa.open-in-view is enabled by default. Therefore, database queries may be performed during view rendering. Explicitly configure spring.jpa.open-in-view to disable this warning
2023-06-20 22:56:06.087 INFO  2328 --- [main] s.d.s.w.PropertySourcedRequestMappingHandlerMapping - Mapped URL path [/v2/api-docs] onto method [springfox.documentation.swagger2.web.Swagger2Controller#getDocumentation(String, HttpServletRequest)]
2023-06-20 22:56:07.158 WARN  2328 --- [main] o.s.b.a.t.ThymeleafAutoConfiguration$DefaultTemplateResolverConfiguration - Cannot find template location: classpath:/templates/ (please add some templates or check your Thymeleaf configuration)
2023-06-20 22:56:08.905 INFO  2328 --- [main] o.s.integration.endpoint.EventDrivenConsumer - Adding {logging-channel-adapter:_org.springframework.integration.errorLogger} as a subscriber to the 'errorChannel' channel
2023-06-20 22:56:08.906 INFO  2328 --- [main] o.s.integration.channel.PublishSubscribeChannel - Channel 'application.errorChannel' has 1 subscriber(s).
2023-06-20 22:56:08.907 INFO  2328 --- [main] o.s.integration.endpoint.EventDrivenConsumer - started bean '_org.springframework.integration.errorLogger'
2023-06-20 22:56:08.907 INFO  2328 --- [main] s.d.s.web.plugins.DocumentationPluginsBootstrapper - Context refreshed
2023-06-20 22:56:08.944 INFO  2328 --- [main] s.d.s.web.plugins.DocumentationPluginsBootstrapper - Found 1 custom documentation plugin(s)
2023-06-20 22:56:09.004 INFO  2328 --- [main] s.d.spring.web.scanners.ApiListingReferenceScanner - Scanning for api listing references
2023-06-20 22:56:09.397 INFO  2328 --- [main] s.d.s.w.r.operation.CachingOperationNameGenerator - Generating unique operation named: SearchClubUsingGET_1
2023-06-20 22:56:09.417 INFO  2328 --- [main] s.d.s.w.r.operation.CachingOperationNameGenerator - Generating unique operation named: doLoginUsingPOST_1
2023-06-20 22:56:09.425 INFO  2328 --- [main] s.d.s.w.r.operation.CachingOperationNameGenerator - Generating unique operation named: isLoginUsingGET_1
2023-06-20 22:56:09.473 INFO  2328 --- [main] s.d.s.w.r.operation.CachingOperationNameGenerator - Generating unique operation named: SearchClubUsingGET_2
2023-06-20 22:56:09.535 INFO  2328 --- [main] c.b.videoproject_backend.test.ManagerServiceTest - Started ManagerServiceTest in 15.474 seconds (JVM running for 17.435)
2023-06-20 22:56:09.888 INFO  2328 --- [main] c.b.videoproject_backend.utils.netty.SocketServer - Netty started on port: 8088 (TCP) with boss thread 1
2023-06-20 22:56:12.463 INFO  2328 --- [SpringApplicationShutdownHook] o.s.integration.endpoint.EventDrivenConsumer - Removing {logging-channel-adapter:_org.springframework.integration.errorLogger} as a subscriber to the 'errorChannel' channel
2023-06-20 22:56:12.463 INFO  2328 --- [SpringApplicationShutdownHook] o.s.integration.channel.PublishSubscribeChannel - Channel 'application.errorChannel' has 0 subscriber(s).
2023-06-20 22:56:12.464 INFO  2328 --- [SpringApplicationShutdownHook] o.s.integration.endpoint.EventDrivenConsumer - stopped bean '_org.springframework.integration.errorLogger'
2023-06-20 22:56:12.493 INFO  2328 --- [SpringApplicationShutdownHook] o.s.orm.jpa.LocalContainerEntityManagerFactoryBean - Closing JPA EntityManagerFactory for persistence unit 'default'
2023-06-20 22:56:12.497 INFO  2328 --- [SpringApplicationShutdownHook] com.zaxxer.hikari.HikariDataSource - HikariPool-1 - Shutdown initiated...
2023-06-20 22:56:12.507 INFO  2328 --- [SpringApplicationShutdownHook] com.zaxxer.hikari.HikariDataSource - HikariPool-1 - Shutdown completed.
